<?xml version="1.0" encoding="UTF-8"?>
<!-- Generated by org.testng.reporters.JUnitReportReporter -->
<testsuite hostname="8VXHFG3" failures="0" tests="5" name="testrunner.TestRuner" time="0.200" errors="0" timestamp="2022-07-03T18:04:31 IST" skipped="0">
  <testcase classname="testrunner.TestRuner" name="runScenario" time="0.016"/>
  <system-out/>
  <testcase classname="testrunner.TestRuner" name="runScenario" time="0.106"/>
  <system-out/>
  <testcase classname="testrunner.TestRuner" name="runScenario" time="0.023"/>
  <system-out/>
  <testcase classname="testrunner.TestRuner" name="runScenario" time="0.037"/>
  <system-out/>
  <testcase classname="testrunner.TestRuner" name="runScenario" time="0.018"/>
  <system-out/>
</testsuite> <!-- testrunner.TestRuner -->
